<?xml version="1.0" encoding="UTF-8"?>
<!-- Generated by org.testng.reporters.JUnitReportReporter -->
<testsuite hostname="DESKTOP-OLAK0N7" failures="0" tests="1" name="learnautomation.testcases.LoginTest" time="22.680" errors="0" timestamp="03 Apr 2021 22:44:33 GMT" skipped="0">
  <testcase classname="learnautomation.testcases.LoginTest" name="loginApp" time="22.680"/>
</testsuite> <!-- learnautomation.testcases.LoginTest -->
