<?xml version="1.0" encoding="UTF-8"?>
<!-- Generated by org.testng.reporters.JUnitReportReporter -->
<testsuite hostname="DESKTOP-OLAK0N7" failures="0" tests="1" name="learnautomation.testcases.Login" time="6.093" errors="0" timestamp="31 Mar 2021 05:44:42 GMT" skipped="0">
  <testcase classname="learnautomation.testcases.Login" name="loginApp" time="6.093"/>
</testsuite> <!-- learnautomation.testcases.Login -->
