<?xml version="1.0" encoding="UTF-8"?>
<!-- Generated by org.testng.reporters.JUnitReportReporter -->
<testsuite hostname="DESKTOP-OLAK0N7" failures="0" tests="1" name="learnautomation.testcases.RegisterPageTest" time="13.029" errors="0" timestamp="05 Apr 2021 00:38:50 GMT" skipped="0">
  <testcase classname="learnautomation.testcases.RegisterPageTest" name="regApp" time="13.029"/>
</testsuite> <!-- learnautomation.testcases.RegisterPageTest -->
