<?xml version="1.0" encoding="UTF-8"?>
<!-- Generated by org.testng.reporters.JUnitReportReporter -->
<testsuite hostname="DESKTOP-OLAK0N7" failures="0" tests="1" name="learnautomation.testcases.LoginPageTest" time="7.221" errors="0" timestamp="06 Apr 2021 20:52:34 GMT" skipped="0">
  <testcase classname="learnautomation.testcases.LoginPageTest" name="signinApp" time="7.221"/>
</testsuite> <!-- learnautomation.testcases.LoginPageTest -->
